<?xml version="1.0" encoding="UTF-8"?>
<!-- Generated by org.testng.reporters.JUnitReportReporter -->
<testsuite skipped="0" hostname="DESKTOP-HFBDKS6" name="com.automation.tests.WalletHubReviewTest" tests="1" failures="0" timestamp="03 Nov 2018 23:57:16 GMT" time="43.568" errors="0">
  <testcase name="reviewTest" time="43.568" classname="com.automation.tests.WalletHubReviewTest"/>
</testsuite> <!-- com.automation.tests.WalletHubReviewTest -->
