<?xml version="1.0" encoding="UTF-8"?>
<!-- Generated by org.testng.reporters.JUnitReportReporter -->
<testsuite skipped="0" hostname="DESKTOP-HFBDKS6" name="com.automation.facbook.FacebookLoginPageTest" tests="1" failures="0" timestamp="02 Nov 2018 02:38:44 GMT" time="32.248" errors="0">
  <testcase name="facbookLogin" time="32.248" classname="com.automation.facbook.FacebookLoginPageTest"/>
</testsuite> <!-- com.automation.facbook.FacebookLoginPageTest -->
