<?xml version="1.0" encoding="UTF-8"?>
<!-- Generated by org.testng.reporters.JUnitReportReporter -->
<testsuite skipped="0" hostname="DESKTOP-HFBDKS6" name="com.automation.tests.FacebookLoginPageTest" tests="1" failures="0" timestamp="03 Nov 2018 23:55:46 GMT" time="26.483" errors="0">
  <testcase name="facbookLogin" time="26.483" classname="com.automation.tests.FacebookLoginPageTest"/>
</testsuite> <!-- com.automation.tests.FacebookLoginPageTest -->
